
🦞 CV Tailor Server running on http://localhost:3001
📄 Job Processor: http://localhost:3001/job-processor.html
✅ Elite Executive Package generation enabled

Press Ctrl+C to stop


🚀 New job processing request
URL: https://www.linkedin.com/jobs/view/4365657098/?eBP=NON_CHARGEABLE_CHANNEL&refId=5r4Sw6mjT7mEo0MLa9bUJA%3D%3D&trackingId=0dJ%2Fx2e01axWVWi3Lh2Ayg%3D%3D&trk=flagship3_top_applicant_jobs_collection
Timestamp: 2026-02-12T02:42:07.986Z
Output directory: applications/job_128399_regional_alliances___channel_manager_po
📝 Generating Elite Executive Package...
🎨 Generating Professional HTML CV...
✓ CV.html tailored: "COMPANY
Our client is a rapidly scaling AI-driven enterprise - Ahmed Nasr Resume"
📤 Committing to GitHub...
To https://github.com/ahmednasr999/openclaw-dashboard.git
   ba9dcd2..cb0251c  main -> main
✅ Committed to GitHub
⏳ Waiting for GitHub Pages deployment...
  Checking deployment... attempt 1/30
  Checking deployment... attempt 2/30
  Checking deployment... attempt 3/30
  Checking deployment... attempt 4/30
  Checking deployment... attempt 5/30
  Checking deployment... attempt 6/30
  Checking deployment... attempt 7/30
  Checking deployment... attempt 8/30
  Checking deployment... attempt 9/30
  Checking deployment... attempt 10/30
  Checking deployment... attempt 11/30
  Checking deployment... attempt 12/30
  Checking deployment... attempt 13/30
  Checking deployment... attempt 14/30
  Checking deployment... attempt 15/30
  Checking deployment... attempt 16/30
  Checking deployment... attempt 17/30
  Checking deployment... attempt 18/30
  Checking deployment... attempt 19/30
  ✅ Deployment complete!
📊 Adding to Google Sheet...
✅ Added to Google Sheet
✅ Complete! Package generated: job_128399_regional_alliances___channel_manager_po

🚀 New job processing request
URL: https://www.linkedin.com/jobs/view/4362232261/?eBP=NON_CHARGEABLE_CHANNEL&refId=5r4Sw6mjT7mEo0MLa9bUJA%3D%3D&trackingId=45RnY9RbddISxAkKjHBCSw%3D%3D&trk=flagship3_top_applicant_jobs_collection
Timestamp: 2026-02-12T03:11:51.399Z
Output directory: applications/job_911913_company_position
📝 Generating Elite Executive Package...
🎨 Generating Professional HTML CV...
✓ CV.html tailored: "role:
The PMO Consultant will ensure project governance and  - Ahmed Nasr Resume"
📤 Committing to GitHub...
To https://github.com/ahmednasr999/openclaw-dashboard.git
   96c3eb6..1e1a74e  main -> main
✅ Committed to GitHub
⏳ Waiting for GitHub Pages deployment...
  Checking deployment... attempt 1/30
  Checking deployment... attempt 2/30
  Checking deployment... attempt 3/30
  Checking deployment... attempt 4/30
  Checking deployment... attempt 5/30
  Checking deployment... attempt 6/30
  Checking deployment... attempt 7/30
  Checking deployment... attempt 8/30
  Checking deployment... attempt 9/30
  Checking deployment... attempt 10/30
  Checking deployment... attempt 11/30
  Checking deployment... attempt 12/30
  Checking deployment... attempt 13/30
  Checking deployment... attempt 14/30
  Checking deployment... attempt 15/30
  Checking deployment... attempt 16/30
  Checking deployment... attempt 17/30
  Checking deployment... attempt 18/30
  Checking deployment... attempt 19/30
  ✅ Deployment complete!
📊 Adding to Google Sheet...
✅ Added to Google Sheet
✅ Complete! Package generated: job_911913_company_position

🚀 New job processing request
URL: https://www.linkedin.com/jobs/view/4321424627/?eBP=NON_CHARGEABLE_CHANNEL&refId=5r4Sw6mjT7mEo0MLa9bUJA%3D%3D&trackingId=8F0ViyJ36NrwwgD33FF0ZQ%3D%3D&trk=flagship3_top_applicant_jobs_collection
Timestamp: 2026-02-12T03:18:24.623Z
Output directory: applications/job_305132_company_position
📝 Generating Elite Executive Package...
🎨 Generating Professional HTML CV...
✓ CV.html tailored: "Position - Ahmed Nasr Resume"
📤 Committing to GitHub...
To https://github.com/ahmednasr999/openclaw-dashboard.git
   1e1a74e..d34ee54  main -> main
✅ Committed to GitHub
⏳ Waiting for GitHub Pages deployment...
  Checking deployment... attempt 1/30
  Checking deployment... attempt 2/30
  Checking deployment... attempt 3/30
  Checking deployment... attempt 4/30
  Checking deployment... attempt 5/30
  Checking deployment... attempt 6/30
  Checking deployment... attempt 7/30
  Checking deployment... attempt 8/30
  Checking deployment... attempt 9/30
  Checking deployment... attempt 10/30
  Checking deployment... attempt 11/30
  Checking deployment... attempt 12/30
  Checking deployment... attempt 13/30
  Checking deployment... attempt 14/30
  Checking deployment... attempt 15/30
  Checking deployment... attempt 16/30
  Checking deployment... attempt 17/30
  Checking deployment... attempt 18/30
  Checking deployment... attempt 19/30
